<?xml version="1.0" encoding="UTF-8"?>
<!-- Generated by org.testng.reporters.JUnitXMLReporter -->
<testsuite ignored="0" hostname="KSPL0098-L" failures="0" tests="2" name="Test" time="48.808" errors="0" timestamp="2023-01-11T18:04:06 IST">
  <testcase classname="us.littleguys.testestimator.CustomerPageTest.AddCustomer" name="AddCustomer" time="5.302"/>
  <testcase classname="us.littleguys.testestimator.CustomerPageTest.AddCustomer" name="AddCustomerWithSameData" time="5.449"/>
</testsuite> <!-- Test -->
