<?xml version="1.0" encoding="UTF-8"?>
<!-- Generated by org.testng.reporters.JUnitXMLReporter -->
<testsuite ignored="0" hostname="KSPL0235-L" failures="0" tests="2" name="CreateCustomer" time="28.295" errors="0" timestamp="2022-11-25T14:19:10 IST">
  <testcase classname="us.littleguys.testestimator.CustomerPageTest.AddCustomer" name="AddCustomer" time="4.887"/>
  <testcase classname="us.littleguys.testestimator.CustomerPageTest.AddCustomer" name="AddCustomerWithSameData" time="4.262"/>
</testsuite> <!-- CreateCustomer -->
