<?xml version="1.0" encoding="UTF-8"?>
<!-- Generated by org.testng.reporters.JUnitXMLReporter -->
<testsuite ignored="0" hostname="KSPL0235-L" failures="0" tests="2" name="CustomerPageTest" time="29.949" errors="0" timestamp="2022-11-09T16:38:46 IST">
  <testcase classname="us.littleguys.testestimator.CustomerPageTest.AddCustomer" name="AddCustomer" time="4.2"/>
  <testcase classname="us.littleguys.testestimator.CustomerPageTest.AddCustomer" name="AddCustomerWithSameData" time="4.657"/>
</testsuite> <!-- CustomerPageTest -->
