<?xml version="1.0" encoding="UTF-8"?>
<!-- Generated by org.testng.reporters.JUnitXMLReporter -->
<testsuite ignored="0" hostname="KSPL0235-L" failures="0" tests="2" name="AddCustomer" time="26.15" errors="0" timestamp="2022-11-10T16:47:00 IST">
  <testcase classname="us.littleguys.testestimator.CustomerPageTest.AddCustomer" name="AddCustomer" time="4.58"/>
  <testcase classname="us.littleguys.testestimator.CustomerPageTest.AddCustomer" name="AddCustomerWithSameData" time="4.058"/>
</testsuite> <!-- AddCustomer -->
