<?xml version="1.0" encoding="UTF-8"?>
<!-- Generated by org.testng.reporters.JUnitXMLReporter -->
<testsuite ignored="0" hostname="KSPL0235-L" failures="0" tests="2" name="login" time="30.847" errors="0" timestamp="2022-11-09T16:35:47 IST">
  <testcase classname="us.littleguys.testestimator.CustomerPageTest.AddCustomer" name="AddCustomer" time="4.213"/>
  <testcase classname="us.littleguys.testestimator.CustomerPageTest.AddCustomer" name="AddCustomerWithSameData" time="4.199"/>
</testsuite> <!-- login -->
